<?xml version="1.0" encoding="UTF-8"?>
<testsuite name="com.kodilla.stream.world.WorldTestSuite" tests="1" skipped="0" failures="0" errors="0" timestamp="2019-03-08T13:21:54" hostname="DESKTOP-Q70R36E" time="0.002">
  <properties/>
  <testcase name="testGetPeopleQuantity" classname="com.kodilla.stream.world.WorldTestSuite" time="0.002"/>
  <system-out><![CDATA[]]></system-out>
  <system-err><![CDATA[]]></system-err>
</testsuite>
