<?xml version="1.0" encoding="UTF-8"?>
<testsuite name="com.kodilla.testing.collection.CollectionTestSuite" tests="2" skipped="0" failures="0" errors="0" timestamp="2019-02-17T08:04:23" hostname="DESKTOP-Q70R36E" time="0.006">
  <properties/>
  <testcase name="testOddNumbersExterminatorEmptyList" classname="com.kodilla.testing.collection.CollectionTestSuite" time="0.006"/>
  <testcase name="testOddNumbersExterminatorNormalList" classname="com.kodilla.testing.collection.CollectionTestSuite" time="0.0"/>
  <system-out><![CDATA[Test Case: begin
Testing empty ArrayList
Test Case: end
Test Case: begin
Testing normal ArrayList
Test Case: end
]]></system-out>
  <system-err><![CDATA[]]></system-err>
</testsuite>
