<?xml version="1.0" encoding="UTF-8"?>
<testsuite name="com.kodilla.patterns.singleton.LoggerTestSuite" tests="1" skipped="0" failures="0" errors="0" timestamp="2019-03-29T12:37:29" hostname="DESKTOP-Q70R36E" time="0.0">
  <properties/>
  <testcase name="testGetLastLog" classname="com.kodilla.patterns.singleton.LoggerTestSuite" time="0.0"/>
  <system-out><![CDATA[Log: [opening]
Log: [creating]
Log: [closing]
Last Log: closing
]]></system-out>
  <system-err><![CDATA[]]></system-err>
</testsuite>
