<?xml version="1.0" encoding="UTF-8"?>
<testsuite name="com.kodilla.jdbc.DbManagerTestSuite" tests="3" skipped="0" failures="0" errors="0" timestamp="2019-03-29T12:37:28" hostname="DESKTOP-Q70R36E" time="0.179">
  <properties/>
  <testcase name="testConnection" classname="com.kodilla.jdbc.DbManagerTestSuite" time="0.154"/>
  <testcase name="testSelectUsers" classname="com.kodilla.jdbc.DbManagerTestSuite" time="0.019"/>
  <testcase name="testSelecUsersAndPosts" classname="com.kodilla.jdbc.DbManagerTestSuite" time="0.006"/>
  <system-out><![CDATA[1, John, Smith
2, Zachary, Lee
3, Stephanie, Kovalsky
4, Thomas, Landgren
5, John, Thomson

John, Smith, 2
]]></system-out>
  <system-err><![CDATA[]]></system-err>
</testsuite>
